Copyright 1986-2022 Xilinx, Inc. All Rights Reserved. Copyright 2022-2023 Advanced Micro Devices, Inc. All Rights Reserved.
---------------------------------------------------------------------------------------------------------------------------------------------
| Tool Version : Vivado v.2023.2 (win64) Build 4029153 Fri Oct 13 20:14:34 MDT 2023
| Date         : Thu Apr 30 11:27:55 2026
| Host         : lch-LAPTOP-V8BK1R8N running 64-bit major release  (build 9200)
| Command      : upgrade_ip
| Device       : xc7a200tfbg676-2
---------------------------------------------------------------------------------------------------------------------------------------------

Upgrade Log for IP 'tagv_sram'

1. Summary
----------

SUCCESS in the upgrade of tagv_sram (xilinx.com:ip:blk_mem_gen:8.4) from (Rev. 3) to (Rev. 7)






Copyright 1986-2022 Xilinx, Inc. All Rights Reserved. Copyright 2022-2023 Advanced Micro Devices, Inc. All Rights Reserved.
---------------------------------------------------------------------------------------------------------------------------------------------
| Tool Version : Vivado v.2023.2 (win64) Build 4029153 Fri Oct 13 20:14:34 MDT 2023
| Date         : Thu Apr 30 11:27:53 2026
| Host         : lch-LAPTOP-V8BK1R8N running 64-bit major release  (build 9200)
| Command      : upgrade_ip
| Device       : xc7a200tfbg676-2
---------------------------------------------------------------------------------------------------------------------------------------------

Upgrade Log for IP 'data_bank_sram'

1. Summary
----------

SUCCESS in the upgrade of data_bank_sram (xilinx.com:ip:blk_mem_gen:8.4) from (Rev. 3) to (Rev. 7)

